#
# There is insufficient memory for the Java Runtime Environment to continue.
# Native memory allocation (malloc) failed to allocate 65552 bytes for Chunk::new
# Possible reasons:
#   The system is out of physical RAM or swap space
#   In 32 bit mode, the process size limit was hit
# Possible solutions:
#   Reduce memory load on the system
#   Increase physical memory or swap space
#   Check if swap backing store is full
#   Use 64 bit Java on a 64 bit OS
#   Decrease Java heap size (-Xmx/-Xms)
#   Decrease number of Java threads
#   Decrease Java thread stack sizes (-Xss)
#   Set larger code cache with -XX:ReservedCodeCacheSize=
# This output file may be truncated or incomplete.
#
#  Out of Memory Error (allocation.cpp:390), pid=11684, tid=8992
#
# JRE version: Java(TM) SE Runtime Environment (8.0_45-b15) (build 1.8.0_45-b15)
# Java VM: Java HotSpot(TM) 64-Bit Server VM (25.45-b02 mixed mode windows-amd64 compressed oops)
# Failed to write core dump. Minidumps are not enabled by default on client versions of Windows
#

---------------  T H R E A D  ---------------

Current thread (0x0000000014d29000):  JavaThread "C2 CompilerThread1" daemon [_thread_in_native, id=8992, stack(0x0000000016330000,0x0000000016430000)]

Stack: [0x0000000016330000,0x0000000016430000]
Native frames: (J=compiled Java code, j=interpreted, Vv=VM code, C=native code)
V  [jvm.dll+0x32b57a]
V  [jvm.dll+0x279873]
V  [jvm.dll+0x27a509]
V  [jvm.dll+0x271825]
V  [jvm.dll+0xcb9e2]
V  [jvm.dll+0xcbeac]
V  [jvm.dll+0xcc204]
V  [jvm.dll+0x4ea280]
V  [jvm.dll+0x4b9806]
V  [jvm.dll+0x46bf81]
V  [jvm.dll+0x46ccbe]
V  [jvm.dll+0x4500f2]
V  [jvm.dll+0xa4352]
V  [jvm.dll+0xa4c8f]
V  [jvm.dll+0x241984]
V  [jvm.dll+0x29853a]
C  [msvcr100.dll+0x21d9f]
C  [msvcr100.dll+0x21e3b]
C  [KERNEL32.DLL+0x13d2]
C  [ntdll.dll+0x15454]


Current CompileTask:
C2:  16454 1813       4       com.android.dx.ssa.back.LivenessAnalyzer::coInterferePhis (128 bytes)


---------------  P R O C E S S  ---------------

Java Threads: ( => current thread )
  0x00000000024fe000 JavaThread "DestroyJavaVM" [_thread_blocked, id=13096, stack(0x0000000002320000,0x0000000002420000)]
  0x0000000016538000 JavaThread "Service Thread" daemon [_thread_blocked, id=11508, stack(0x0000000016930000,0x0000000016a30000)]
  0x0000000014d2c000 JavaThread "C1 CompilerThread2" daemon [_thread_blocked, id=7832, stack(0x0000000016430000,0x0000000016530000)]
=>0x0000000014d29000 JavaThread "C2 CompilerThread1" daemon [_thread_in_native, id=8992, stack(0x0000000016330000,0x0000000016430000)]
  0x0000000014ccd800 JavaThread "C2 CompilerThread0" daemon [_thread_in_native, id=13192, stack(0x0000000016230000,0x0000000016330000)]
  0x0000000014cca800 JavaThread "Attach Listener" daemon [_thread_blocked, id=15732, stack(0x0000000016130000,0x0000000016230000)]
  0x0000000014cc9800 JavaThread "Signal Dispatcher" daemon [_thread_blocked, id=1140, stack(0x0000000016030000,0x0000000016130000)]
  0x00000000025f1000 JavaThread "Finalizer" daemon [_thread_blocked, id=9600, stack(0x0000000015f30000,0x0000000016030000)]
  0x00000000025ee000 JavaThread "Reference Handler" daemon [_thread_blocked, id=1812, stack(0x0000000015e30000,0x0000000015f30000)]

Other Threads:
  0x0000000014c98000 VMThread [stack: 0x0000000015d30000,0x0000000015e30000] [id=840]
  0x0000000016539800 WatcherThread [stack: 0x0000000016a30000,0x0000000016b30000] [id=15984]

VM state:not at safepoint (normal execution)

VM Mutex/Monitor currently owned by a thread: None

Heap:
 PSYoungGen      total 68608K, used 22329K [0x00000000eab00000, 0x00000000ef300000, 0x0000000100000000)
  eden space 63488K, 27% used [0x00000000eab00000,0x00000000ebbd4728,0x00000000ee900000)
  from space 5120K, 99% used [0x00000000eee00000,0x00000000ef2f9fa0,0x00000000ef300000)
  to   space 5120K, 0% used [0x00000000ee900000,0x00000000ee900000,0x00000000eee00000)
 ParOldGen       total 84992K, used 23746K [0x00000000c0000000, 0x00000000c5300000, 0x00000000eab00000)
  object space 84992K, 27% used [0x00000000c0000000,0x00000000c1730a48,0x00000000c5300000)
 Metaspace       used 6967K, capacity 7640K, committed 7936K, reserved 1056768K
  class space    used 665K, capacity 720K, committed 768K, reserved 1048576K

Card table byte_map: [0x00000000119c0000,0x0000000011bd0000] byte_map_base: 0x00000000113c0000

Marking Bits: (ParMarkBitMap*) 0x0000000064c14040
 Begin Bits: [0x0000000012130000, 0x0000000013130000)
 End Bits:   [0x0000000013130000, 0x0000000014130000)

Polling page: 0x0000000002280000

CodeCache: size=245760Kb used=10029Kb max_used=10029Kb free=235730Kb
 bounds [0x0000000002600000, 0x0000000002fe0000, 0x0000000011600000]
 total_blobs=2609 nmethods=2331 adapters=190
 compilation: enabled

Compilation events (10 events):
Event: 13.949 Thread 0x0000000014d2c000 1904       2       com.android.dx.ssa.DomFront::calcDomFronts (154 bytes)
Event: 13.950 Thread 0x0000000014d2c000 nmethod 1904 0x0000000002e99cd0 code [0x0000000002e99ec0, 0x0000000002e9a508]
Event: 13.951 Thread 0x0000000014d2c000 1905       2       com.android.dx.ssa.SsaBasicBlock::getLiveOutRegs (26 bytes)
Event: 13.951 Thread 0x0000000014d2c000 nmethod 1905 0x0000000002e9add0 code [0x0000000002e9af40, 0x0000000002e9b248]
Event: 13.951 Thread 0x0000000014d2c000 1906       2       com.android.dx.rop.code.Rops::opIfGe (13 bytes)
Event: 13.952 Thread 0x0000000014d2c000 nmethod 1906 0x0000000002e9b410 code [0x0000000002e9b580, 0x0000000002e9b708]
Event: 13.952 Thread 0x0000000014d2c000 1907       2       com.android.dx.cf.code.LocalVariableList$Item::access$000 (5 bytes)
Event: 13.953 Thread 0x0000000014d2c000 nmethod 1907 0x0000000002e9b790 code [0x0000000002e9b8e0, 0x0000000002e9ba10]
Event: 13.953 Thread 0x0000000014d2c000 1908       2       com.android.dx.cf.code.LocalVariableList$Item::withSignature (29 bytes)
Event: 13.953 Thread 0x0000000014d2c000 nmethod 1908 0x0000000002e9bad0 code [0x0000000002e9bc40, 0x0000000002e9be48]

GC Heap History (7 events):
Event: 5.939 GC heap before
{Heap before GC invocations=1 (full 0):
 PSYoungGen      total 36864K, used 31744K [0x00000000eab00000, 0x00000000ed400000, 0x0000000100000000)
  eden space 31744K, 100% used [0x00000000eab00000,0x00000000eca00000,0x00000000eca00000)
  from space 5120K, 0% used [0x00000000ecf00000,0x00000000ecf00000,0x00000000ed400000)
  to   space 5120K, 0% used [0x00000000eca00000,0x00000000eca00000,0x00000000ecf00000)
 ParOldGen       total 84992K, used 0K [0x00000000c0000000, 0x00000000c5300000, 0x00000000eab00000)
  object space 84992K, 0% used [0x00000000c0000000,0x00000000c0000000,0x00000000c5300000)
 Metaspace       used 5902K, capacity 6960K, committed 7040K, reserved 1056768K
  class space    used 585K, capacity 616K, committed 640K, reserved 1048576K
Event: 6.288 GC heap after
Heap after GC invocations=1 (full 0):
 PSYoungGen      total 36864K, used 5097K [0x00000000eab00000, 0x00000000ef300000, 0x0000000100000000)
  eden space 31744K, 0% used [0x00000000eab00000,0x00000000eab00000,0x00000000eca00000)
  from space 5120K, 99% used [0x00000000eca00000,0x00000000ecefa7b0,0x00000000ecf00000)
  to   space 5120K, 0% used [0x00000000eee00000,0x00000000eee00000,0x00000000ef300000)
 ParOldGen       total 84992K, used 1695K [0x00000000c0000000, 0x00000000c5300000, 0x00000000eab00000)
  object space 84992K, 1% used [0x00000000c0000000,0x00000000c01a7e10,0x00000000c5300000)
 Metaspace       used 5902K, capacity 6960K, committed 7040K, reserved 1056768K
  class space    used 585K, capacity 616K, committed 640K, reserved 1048576K
}
Event: 8.078 GC heap before
{Heap before GC invocations=2 (full 0):
 PSYoungGen      total 36864K, used 36841K [0x00000000eab00000, 0x00000000ef300000, 0x0000000100000000)
  eden space 31744K, 100% used [0x00000000eab00000,0x00000000eca00000,0x00000000eca00000)
  from space 5120K, 99% used [0x00000000eca00000,0x00000000ecefa7b0,0x00000000ecf00000)
  to   space 5120K, 0% used [0x00000000eee00000,0x00000000eee00000,0x00000000ef300000)
 ParOldGen       total 84992K, used 1695K [0x00000000c0000000, 0x00000000c5300000, 0x00000000eab00000)
  object space 84992K, 1% used [0x00000000c0000000,0x00000000c01a7e10,0x00000000c5300000)
 Metaspace       used 5990K, capacity 7024K, committed 7296K, reserved 1056768K
  class space    used 585K, capacity 616K, committed 640K, reserved 1048576K
Event: 8.612 GC heap after
Heap after GC invocations=2 (full 0):
 PSYoungGen      total 68608K, used 5089K [0x00000000eab00000, 0x00000000ef300000, 0x0000000100000000)
  eden space 63488K, 0% used [0x00000000eab00000,0x00000000eab00000,0x00000000ee900000)
  from space 5120K, 99% used [0x00000000eee00000,0x00000000ef2f8538,0x00000000ef300000)
  to   space 5120K, 0% used [0x00000000ee900000,0x00000000ee900000,0x00000000eee00000)
 ParOldGen       total 84992K, used 6089K [0x00000000c0000000, 0x00000000c5300000, 0x00000000eab00000)
  object space 84992K, 7% used [0x00000000c0000000,0x00000000c05f2408,0x00000000c5300000)
 Metaspace       used 5990K, capacity 7024K, committed 7296K, reserved 1056768K
  class space    used 585K, capacity 616K, committed 640K, reserved 1048576K
}
Event: 13.123 GC heap before
{Heap before GC invocations=3 (full 0):
 PSYoungGen      total 68608K, used 68577K [0x00000000eab00000, 0x00000000ef300000, 0x0000000100000000)
  eden space 63488K, 100% used [0x00000000eab00000,0x00000000ee900000,0x00000000ee900000)
  from space 5120K, 99% used [0x00000000eee00000,0x00000000ef2f8538,0x00000000ef300000)
  to   space 5120K, 0% used [0x00000000ee900000,0x00000000ee900000,0x00000000eee00000)
 ParOldGen       total 84992K, used 6089K [0x00000000c0000000, 0x00000000c5300000, 0x00000000eab00000)
  object space 84992K, 7% used [0x00000000c0000000,0x00000000c05f2408,0x00000000c5300000)
 Metaspace       used 6146K, capacity 7092K, committed 7296K, reserved 1056768K
  class space    used 605K, capacity 620K, committed 640K, reserved 1048576K
Event: 13.143 GC heap after
Heap after GC invocations=3 (full 0):
 PSYoungGen      total 68608K, used 5116K [0x00000000eab00000, 0x00000000ef300000, 0x0000000100000000)
  eden space 63488K, 0% used [0x00000000eab00000,0x00000000eab00000,0x00000000ee900000)
  from space 5120K, 99% used [0x00000000ee900000,0x00000000eedff098,0x00000000eee00000)
  to   space 5120K, 0% used [0x00000000eee00000,0x00000000eee00000,0x00000000ef300000)
 ParOldGen       total 84992K, used 14405K [0x00000000c0000000, 0x00000000c5300000, 0x00000000eab00000)
  object space 84992K, 16% used [0x00000000c0000000,0x00000000c0e11478,0x00000000c5300000)
 Metaspace       used 6146K, capacity 7092K, committed 7296K, reserved 1056768K
  class space    used 605K, capacity 620K, committed 640K, reserved 1048576K
}
Event: 13.955 GC heap before
{Heap before GC invocations=4 (full 0):
 PSYoungGen      total 68608K, used 68604K [0x00000000eab00000, 0x00000000ef300000, 0x0000000100000000)
  eden space 63488K, 100% used [0x00000000eab00000,0x00000000ee900000,0x00000000ee900000)
  from space 5120K, 99% used [0x00000000ee900000,0x00000000eedff098,0x00000000eee00000)
  to   space 5120K, 0% used [0x00000000eee00000,0x00000000eee00000,0x00000000ef300000)
 ParOldGen       total 84992K, used 14405K [0x00000000c0000000, 0x00000000c5300000, 0x00000000eab00000)
  object space 84992K, 16% used [0x00000000c0000000,0x00000000c0e11478,0x00000000c5300000)
 Metaspace       used 6196K, capacity 7158K, committed 7296K, reserved 1056768K
  class space    used 607K, capacity 622K, committed 640K, reserved 1048576K

Deoptimization events (10 events):
Event: 13.818 Thread 0x00000000024fe000 Uncommon trap: reason=class_check action=maybe_recompile pc=0x0000000002c2e770 method=com.android.dx.rop.code.RegisterSpec.withSimpleType()Lcom/android/dx/rop/code/RegisterSpec; @ 21
Event: 13.829 Thread 0x000000001678e000 Uncommon trap: reason=unstable_if action=reinterpret pc=0x0000000002d36518 method=com.android.dx.cf.code.BaseMachine.popArgs(Lcom/android/dx/cf/code/Frame;I)V @ 15
Event: 13.849 Thread 0x00000000167ae000 Uncommon trap: reason=unstable_if action=reinterpret pc=0x0000000002dbfcc0 method=com.android.dx.cf.code.Simulator$SimVisitor.visitLocal(IIIILcom/android/dx/rop/type/Type;I)V @ 162
Event: 13.850 Thread 0x00000000167ae000 Uncommon trap: reason=unstable_if action=reinterpret pc=0x0000000002cfa654 method=com.android.dx.cf.code.Ropper.processBlock(Lcom/android/dx/cf/code/ByteBlock;Lcom/android/dx/cf/code/Frame;[I)V @ 513
Event: 13.850 Thread 0x00000000167ae000 Uncommon trap: reason=unstable_if action=reinterpret pc=0x0000000002bc92b8 method=com.android.dx.cf.code.BaseMachine.getLocalTarget(Z)Lcom/android/dx/rop/code/RegisterSpec; @ 131
Event: 13.854 Thread 0x00000000167ae000 Uncommon trap: reason=unstable_if action=reinterpret pc=0x0000000002e31c40 method=com.android.dx.ssa.NormalSsaInsn.isMoveException()Z @ 11
Event: 13.855 Thread 0x00000000167ae000 Uncommon trap: reason=unstable_if action=reinterpret pc=0x0000000002adc4e0 method=com.android.dx.util.LabeledList.set(ILcom/android/dx/util/LabeledItem;)V @ 16
Event: 13.855 Thread 0x00000000167ae000 Uncommon trap: reason=unstable_if action=reinterpret pc=0x0000000002dc2430 method=com.android.dx.dex.code.RopTranslator.pickOrder()V @ 143
Event: 13.855 Thread 0x00000000167ae000 Uncommon trap: reason=unstable_if action=reinterpret pc=0x0000000002dbe89c method=com.android.dx.cf.code.BaseMachine.getLocalTarget(Z)Lcom/android/dx/rop/code/RegisterSpec; @ 131
Event: 13.858 Thread 0x00000000167ae000 Uncommon trap: reason=unstable_if action=reinterpret pc=0x0000000002b7848c method=com.android.dx.ssa.MoveParamCombiner$1.visitNonMoveInsn(Lcom/android/dx/ssa/NormalSsaInsn;)V @ 27

Internal exceptions (8 events):
Event: 0.221 Thread 0x00000000024fe000 Exception <a 'java/lang/NoSuchMethodError': Method sun.misc.Unsafe.defineClass(Ljava/lang/String;[BII)Ljava/lang/Class; name or signature does not match> (0x00000000eab0d6e0) thrown at [C:\re\workspace\8-2-build-windows-amd64-cygwin\jdk8u45\3627\hotspot\srÜV‡UÏNÃ?
Event: 0.221 Thread 0x00000000024fe000 Exception <a 'java/lang/NoSuchMethodError': Method sun.misc.Unsafe.prefetchRead(Ljava/lang/Object;J)V name or signature does not match> (0x00000000eab0d970) thrown at [C:\re\workspace\8-2-build-windows-amd64-cygwin\jdk8u45\3627\hotspot\src\share\vm\prims\j]’8oú@
Event: 5.653 Thread 0x00000000167ae000 Implicit null exception at 0x0000000002a8f415 to 0x0000000002a905c9
Event: 6.596 Thread 0x00000000167a5800 Implicit null exception at 0x0000000002993f62 to 0x0000000002994055
Event: 8.662 Thread 0x00000000167ae000 Exception <a 'java/lang/ArrayIndexOutOfBoundsException': 18> (0x00000000eab4e560) thrown at [C:\re\workspace\8-2-build-windows-amd64-cygwin\jdk8u45\3627\hotspot\src\share\vm\interpreter\interpreterRuntime.cpp, line 366]
Event: 8.662 Thread 0x00000000167ae000 Exception <a 'java/lang/ArrayIndexOutOfBoundsException': 145> (0x00000000eab50030) thrown at [C:\re\workspace\8-2-build-windows-amd64-cygwin\jdk8u45\3627\hotspot\src\share\vm\interpreter\interpreterRuntime.cpp, line 366]
Event: 8.663 Thread 0x00000000167ae000 Exception <a 'java/lang/ArrayIndexOutOfBoundsException': 40> (0x00000000eab51268) thrown at [C:\re\workspace\8-2-build-windows-amd64-cygwin\jdk8u45\3627\hotspot\src\share\vm\interpreter\interpreterRuntime.cpp, line 366]
Event: 13.849 Thread 0x00000000167ae000 Implicit null exception at 0x0000000002dbf088 to 0x0000000002dbfc99

Events (10 events):
Event: 13.941 Thread 0x00000000167ae000 DEOPT UNPACKING pc=0x000000000264787f sp=0x000000001702e5b0 mode 0
Event: 13.941 Thread 0x00000000167a9800 Thread exited: 0x00000000167a9800
Event: 13.941 Thread 0x000000001678e000 Thread exited: 0x000000001678e000
Event: 13.943 Thread 0x00000000167ae000 DEOPT PACKING pc=0x0000000002b3bc46 sp=0x000000001702e520
Event: 13.943 Thread 0x00000000167ae000 DEOPT UNPACKING pc=0x000000000264787f sp=0x000000001702e360 mode 0
Event: 13.949 Thread 0x00000000167a5800 DEOPT PACKING pc=0x0000000002b7982c sp=0x0000000016f2ea20
Event: 13.949 Thread 0x00000000167a5800 DEOPT UNPACKING pc=0x000000000264787f sp=0x0000000016f2e730 mode 0
Event: 13.950 Thread 0x00000000167a5800 DEOPT PACKING pc=0x0000000002ad0dc1 sp=0x0000000016f2ec30
Event: 13.950 Thread 0x00000000167a5800 DEOPT UNPACKING pc=0x000000000264787f sp=0x0000000016f2ea60 mode 0
Event: 13.955 Executing VM operation: ParallelGCFailedAllocation


Dynamic libraries:
0x00007ff7e9590000 - 0x00007ff7e95c7000 	C:\Program Files\Java\jdk1.8.0_45\bin\java.exe
0x00007ffbb8f10000 - 0x00007ffbb90bc000 	C:\Windows\SYSTEM32\ntdll.dll
0x00007ffbb8a60000 - 0x00007ffbb8b9e000 	C:\Windows\system32\KERNEL32.DLL
0x00007ffbb6470000 - 0x00007ffbb6585000 	C:\Windows\system32\KERNELBASE.dll
0x00007ffbb4be0000 - 0x00007ffbb4c6e000 	C:\Windows\system32\apphelp.dll
0x00007ffb99770000 - 0x00007ffb997c3000 	C:\Windows\AppPatch\AppPatch64\AcGenral.DLL
0x00007ffbb6670000 - 0x00007ffbb671a000 	C:\Windows\system32\msvcrt.dll
0x00007ffbb5ee0000 - 0x00007ffbb5f0e000 	C:\Windows\SYSTEM32\SspiCli.dll
0x00007ffbb8eb0000 - 0x00007ffbb8f04000 	C:\Windows\system32\SHLWAPI.dll
0x00007ffbb8660000 - 0x00007ffbb87d7000 	C:\Windows\system32\USER32.dll
0x00007ffbb8ba0000 - 0x00007ffbb8d34000 	C:\Windows\system32\ole32.dll
0x00007ffbb6ad0000 - 0x00007ffbb7ffb000 	C:\Windows\system32\SHELL32.dll
0x00007ffbb56a0000 - 0x00007ffbb56c1000 	C:\Windows\SYSTEM32\USERENV.dll
0x00007ffbb8450000 - 0x00007ffbb84fa000 	C:\Windows\system32\ADVAPI32.dll
0x00007ffba8dc0000 - 0x00007ffba8dde000 	C:\Windows\SYSTEM32\MPR.dll
0x00007ffbb8240000 - 0x00007ffbb8381000 	C:\Windows\system32\RPCRT4.dll
0x00007ffbb81e0000 - 0x00007ffbb8239000 	C:\Windows\SYSTEM32\sechost.dll
0x00007ffbb8840000 - 0x00007ffbb8a51000 	C:\Windows\SYSTEM32\combase.dll
0x00007ffbb6980000 - 0x00007ffbb6ad0000 	C:\Windows\system32\GDI32.dll
0x00007ffbb6020000 - 0x00007ffbb6035000 	C:\Windows\SYSTEM32\profapi.dll
0x00007ffbb4610000 - 0x00007ffbb46c2000 	C:\Windows\SYSTEM32\SHCORE.dll
0x00007ffbb8e70000 - 0x00007ffbb8ea6000 	C:\Windows\system32\IMM32.DLL
0x00007ffbb8500000 - 0x00007ffbb8652000 	C:\Windows\system32\MSCTF.dll
0x00007ffbb36b0000 - 0x00007ffbb392a000 	C:\Windows\WinSxS\amd64_microsoft.windows.common-controls_6595b64144ccf1df_6.0.9600.17810_none_6240b9c7ecbd0bda\COMCTL32.dll
0x00000000675c0000 - 0x0000000067629000 	c:\program files (x86)\f-secure\hips\fshook64.dll
0x00007ffbb6970000 - 0x00007ffbb6977000 	C:\Windows\system32\PSAPI.DLL
0x0000000064ca0000 - 0x0000000064d72000 	C:\Program Files\Java\jdk1.8.0_45\jre\bin\msvcr100.dll
0x0000000064410000 - 0x0000000064c93000 	C:\Program Files\Java\jdk1.8.0_45\jre\bin\server\jvm.dll
0x00007ffbaccb0000 - 0x00007ffbaccb9000 	C:\Windows\SYSTEM32\WSOCK32.dll
0x00007ffbade60000 - 0x00007ffbade82000 	C:\Windows\SYSTEM32\WINMM.dll
0x00007ffbacf80000 - 0x00007ffbacf8a000 	C:\Windows\SYSTEM32\VERSION.dll
0x00007ffbb8d40000 - 0x00007ffbb8d9a000 	C:\Windows\system32\WS2_32.dll
0x00007ffbade30000 - 0x00007ffbade5a000 	C:\Windows\SYSTEM32\WINMMBASE.dll
0x00007ffbb6960000 - 0x00007ffbb6969000 	C:\Windows\system32\NSI.dll
0x00007ffbb6130000 - 0x00007ffbb617f000 	C:\Windows\SYSTEM32\cfgmgr32.dll
0x00007ffbb4e80000 - 0x00007ffbb4ea8000 	C:\Windows\SYSTEM32\DEVOBJ.dll
0x0000000066200000 - 0x000000006620f000 	C:\Program Files\Java\jdk1.8.0_45\jre\bin\verify.dll
0x00000000643e0000 - 0x0000000064409000 	C:\Program Files\Java\jdk1.8.0_45\jre\bin\java.dll
0x00000000643c0000 - 0x00000000643d6000 	C:\Program Files\Java\jdk1.8.0_45\jre\bin\zip.dll
0x00007ffbb3960000 - 0x00007ffbb3ae9000 	C:\Windows\SYSTEM32\dbghelp.dll

VM Arguments:
jvm_args: -Xmx1024M -Dfile.encoding=windows-1252 -Duser.country=US -Duser.language=en -Duser.variant 
java_command: com.android.dx.command.Main --dex --num-threads=4 --output C:\Users\100490515\AndroidStudioProjects\Assignment2\app\build\intermediates\pre-dexed\debug\classes-5196d39f2b32523213e2d94e4348f3a76f67e3ab.jar C:\Users\100490515\AndroidStudioProjects\Assignment2\app\build\intermediates\exploded-aar\com.android.support\recyclerview-v7\23.1.0\jars\classes.jar
java_class_path (initial): C:\Users\100490515\AppData\Local\Android\sdk\build-tools\23.0.1\lib\dx.jar
Launcher Type: SUN_STANDARD

Environment Variables:
PATH=C:\Program Files\Java\jdk1.8.0_60\bin;C:\Program Files (x86)\Intel\iCLS Client\;C:\Program Files\Intel\iCLS Client\;C:\ProgramData\Oracle\Java\javapath;C:\Windows\system32;C:\Windows;C:\Windows\System32\Wbem;C:\Windows\System32\WindowsPowerShell\v1.0\;C:\Program Files\Intel\Intel(R) Management Engine Components\DAL;C:\Program Files (x86)\Intel\Intel(R) Management Engine Components\DAL;C:\Program Files\Intel\Intel(R) Management Engine Components\IPT;C:\Program Files (x86)\Intel\Intel(R) Management Engine Components\IPT;C:\Program Files\MATLAB_R2015\runtime\win64;C:\Program Files\MATLAB_R2015\bin;C:\Program Files\Intel\WiFi\bin\;C:\Program Files\Common Files\Intel\WirelessCommon\;C:\Program Files (x86)\Windows Kits\8.1\Windows Performance Toolkit\;C:\Program Files\Microsoft SQL Server\110\Tools\Binn\;C:\Program Files (x86)\Skype\Phone\;C:\Program Files (x86)\QuickTime\QTSystem\;C:\Program Files\Git\cmd;C:\Program Files\Intel\WiFi\bin\;C:\Program Files\Common Files\Intel\WirelessCommon\
USERNAME=100490515
OS=Windows_NT
PROCESSOR_IDENTIFIER=Intel64 Family 6 Model 60 Stepping 3, GenuineIntel



---------------  S Y S T E M  ---------------

OS: Windows 8.1 , 64 bit Build 9600 (6.3.9600.17415)

CPU:total 4 (2 cores per cpu, 2 threads per core) family 6 model 60 stepping 3, cmov, cx8, fxsr, mmx, sse, sse2, sse3, ssse3, sse4.1, sse4.2, popcnt, avx, avx2, aes, clmul, erms, lzcnt, ht, tsc, tscinvbit, bmi1, bmi2

Memory: 4k page, physical 8065972k(892068k free), swap 11211700k(81288k free)

vm_info: Java HotSpot(TM) 64-Bit Server VM (25.45-b02) for windows-amd64 JRE (1.8.0_45-b15), built on Apr 30 2015 12:40:44 by "java_re" with MS VC++ 10.0 (VS2010)

time: Sat Nov 07 19:54:48 2015
elapsed time: 16 seconds (0d 0h 0m 16s)

